[    0.000000] Initializing cgroup subsys cpuset
[    0.000000] Initializing cgroup subsys cpu
[    0.000000] Initializing cgroup subsys cpuacct
[    0.000000] Linux version 4.4.0-203-generic (buildd@lcy01-amd64-027) (gcc version 5.4.0 20160609 (Ubuntu 5.4.0-6ubuntu1~16.04.12) ) #235-Ubuntu SMP Tue Feb 2 02:49:08 UTC 2021 (Ubuntu 4.4.0-203.235-generic 4.4.249)
[    0.000000] Command line: BOOT_IMAGE=/boot/vmlinuz-4.4.0-203-generic root=LABEL=cloudimg-rootfs ro console=tty1 console=ttyS0
[    0.000000] KERNEL supported cpus:
[    0.000000]   Intel GenuineIntel
[    0.000000]   AMD AuthenticAMD
[    0.000000]   Centaur CentaurHauls
[    0.000000] x86/fpu: xstate_offset[2]:  576, xstate_sizes[2]:  256
[    0.000000] x86/fpu: Supporting XSAVE feature 0x01: 'x87 floating point registers'
[    0.000000] x86/fpu: Supporting XSAVE feature 0x02: 'SSE registers'
[    0.000000] x86/fpu: Supporting XSAVE feature 0x04: 'AVX registers'
[    0.000000] x86/fpu: Enabled xstate features 0x7, context size is 832 bytes, using 'standard' format.
[    0.000000] e820: BIOS-provided physical RAM map:
[    0.000000] BIOS-e820: [mem 0x0000000000000000-0x000000000009fbff] usable
[    0.000000] BIOS-e820: [mem 0x000000000009fc00-0x000000000009ffff] reserved
[    0.000000] BIOS-e820: [mem 0x00000000000f0000-0x00000000000fffff] reserved
[    0.000000] BIOS-e820: [mem 0x0000000000100000-0x00000000dffeffff] usable
[    0.000000] BIOS-e820: [mem 0x00000000dfff0000-0x00000000dfffffff] ACPI data
[    0.000000] BIOS-e820: [mem 0x00000000fec00000-0x00000000fec00fff] reserved
[    0.000000] BIOS-e820: [mem 0x00000000fee00000-0x00000000fee00fff] reserved
[    0.000000] BIOS-e820: [mem 0x00000000fffc0000-0x00000000ffffffff] reserved
[    0.000000] BIOS-e820: [mem 0x0000000100000000-0x000000011fffffff] usable
[    0.000000] NX (Execute Disable) protection: active
[    0.000000] SMBIOS 2.5 present.
[    0.000000] Hypervisor detected: KVM
[    0.000000] e820: last_pfn = 0x120000 max_arch_pfn = 0x400000000
[    0.000000] MTRR: Disabled
[    0.000000] x86/PAT: MTRRs disabled, skipping PAT initialization too.
[    0.000000] CPU MTRRs all blank - virtualized system.
[    0.000000] x86/PAT: Configuration [0-7]: WB  WT  UC- UC  WB  WT  UC- UC  
[    0.000000] e820: last_pfn = 0xdfff0 max_arch_pfn = 0x400000000
[    0.000000] found SMP MP-table at [mem 0x0009fff0-0x0009ffff] mapped at [ffff88000009fff0]
[    0.000000] Scanning 1 areas for low memory corruption
[    0.000000] RAMDISK: [mem 0x362da000-0x37164fff]
[    0.000000] ACPI: Early table checksum verification disabled
[    0.000000] ACPI: RSDP 0x00000000000E0000 000024 (v02 VBOX  )
[    0.000000] ACPI: XSDT 0x00000000DFFF0030 00003C (v01 VBOX   VBOXXSDT 00000001 ASL  00000061)
[    0.000000] ACPI: FACP 0x00000000DFFF00F0 0000F4 (v04 VBOX   VBOXFACP 00000001 ASL  00000061)
[    0.000000] ACPI: DSDT 0x00000000DFFF0470 002325 (v02 VBOX   VBOXBIOS 00000002 INTL 20120111)
[    0.000000] ACPI: FACS 0x00000000DFFF0200 000040
[    0.000000] ACPI: FACS 0x00000000DFFF0200 000040
[    0.000000] ACPI: APIC 0x00000000DFFF0240 00005C (v02 VBOX   VBOXAPIC 00000001 ASL  00000061)
[    0.000000] ACPI: SSDT 0x00000000DFFF02A0 0001CC (v01 VBOX   VBOXCPUT 00000002 INTL 20120111)
[    0.000000] No NUMA configuration found
[    0.000000] Faking a node at [mem 0x0000000000000000-0x000000011fffffff]
[    0.000000] NODE_DATA(0) allocated [mem 0x11fff7000-0x11fffbfff]
[    0.000000] kvm-clock: Using msrs 4b564d01 and 4b564d00
[    0.000000] kvm-clock: cpu 0, msr 1:1ffef001, primary cpu clock
[    0.000000] kvm-clock: using sched offset of 3295811727 cycles
[    0.000000] clocksource: kvm-clock: mask: 0xffffffffffffffff max_cycles: 0x1cd42e4dffb, max_idle_ns: 881590591483 ns
[    0.000000] Zone ranges:
[    0.000000]   DMA      [mem 0x0000000000001000-0x0000000000ffffff]
[    0.000000]   DMA32    [mem 0x0000000001000000-0x00000000ffffffff]
[    0.000000]   Normal   [mem 0x0000000100000000-0x000000011fffffff]
[    0.000000]   Device   empty
[    0.000000] Movable zone start for each node
[    0.000000] Early memory node ranges
[    0.000000]   node   0: [mem 0x0000000000001000-0x000000000009efff]
[    0.000000]   node   0: [mem 0x0000000000100000-0x00000000dffeffff]
[    0.000000]   node   0: [mem 0x0000000100000000-0x000000011fffffff]
[    0.000000] Initmem setup node 0 [mem 0x0000000000001000-0x000000011fffffff]
[    0.000000] ACPI: PM-Timer IO Port: 0x4008
[    0.000000] IOAPIC[0]: apic_id 2, version 32, address 0xfec00000, GSI 0-23
[    0.000000] ACPI: INT_SRC_OVR (bus 0 bus_irq 0 global_irq 2 dfl dfl)
[    0.000000] ACPI: INT_SRC_OVR (bus 0 bus_irq 9 global_irq 9 low level)
[    0.000000] Using ACPI (MADT) for SMP configuration information
[    0.000000] smpboot: Allowing 2 CPUs, 0 hotplug CPUs
[    0.000000] PM: Registered nosave memory: [mem 0x00000000-0x00000fff]
[    0.000000] PM: Registered nosave memory: [mem 0x0009f000-0x0009ffff]
[    0.000000] PM: Registered nosave memory: [mem 0x000a0000-0x000effff]
[    0.000000] PM: Registered nosave memory: [mem 0x000f0000-0x000fffff]
[    0.000000] PM: Registered nosave memory: [mem 0xdfff0000-0xdfffffff]
[    0.000000] PM: Registered nosave memory: [mem 0xe0000000-0xfebfffff]
[    0.000000] PM: Registered nosave memory: [mem 0xfec00000-0xfec00fff]
[    0.000000] PM: Registered nosave memory: [mem 0xfec01000-0xfedfffff]
[    0.000000] PM: Registered nosave memory: [mem 0xfee00000-0xfee00fff]
[    0.000000] PM: Registered nosave memory: [mem 0xfee01000-0xfffbffff]
[    0.000000] PM: Registered nosave memory: [mem 0xfffc0000-0xffffffff]
[    0.000000] e820: [mem 0xe0000000-0xfebfffff] available for PCI devices
[    0.000000] Booting paravirtualized kernel on KVM
[    0.000000] clocksource: refined-jiffies: mask: 0xffffffff max_cycles: 0xffffffff, max_idle_ns: 7645519600211568 ns
[    0.000000] setup_percpu: NR_CPUS:512 nr_cpumask_bits:512 nr_cpu_ids:2 nr_node_ids:1
[    0.000000] PERCPU: Embedded 33 pages/cpu @ffff88011fc00000 s95640 r8192 d31336 u1048576
[    0.000000] Built 1 zonelists in Node order, mobility grouping on.  Total pages: 1032056
[    0.000000] Policy zone: Normal
[    0.000000] Kernel command line: BOOT_IMAGE=/boot/vmlinuz-4.4.0-203-generic root=LABEL=cloudimg-rootfs ro console=tty1 console=ttyS0
[    0.000000] PID hash table entries: 4096 (order: 3, 32768 bytes)
[    0.000000] Memory: 4028160K/4193848K available (8641K kernel code, 1337K rwdata, 4044K rodata, 1496K init, 1296K bss, 165688K reserved, 0K cma-reserved)
[    0.000000] SLUB: HWalign=64, Order=0-3, MinObjects=0, CPUs=2, Nodes=1
[    0.000000] Kernel/User page tables isolation: enabled
[    0.000000] Hierarchical RCU implementation.
[    0.000000] 	Build-time adjustment of leaf fanout to 64.
[    0.000000] 	RCU restricting CPUs from NR_CPUS=512 to nr_cpu_ids=2.
[    0.000000] RCU: Adjusting geometry for rcu_fanout_leaf=64, nr_cpu_ids=2
[    0.000000] NR_IRQS:33024 nr_irqs:440 16
[    0.000000] Console: colour VGA+ 80x25
[    0.000000] console [tty1] enabled
[    0.000000] console [ttyS0] enabled
[    0.000000] tsc: Detected 2591.998 MHz processor
[    0.220328] Calibrating delay loop (skipped) preset value.. 5183.99 BogoMIPS (lpj=10367992)
[    0.222171] pid_max: default: 32768 minimum: 301
[    0.223682] ACPI: Core revision 20150930
[    0.225135] ACPI: 2 ACPI AML tables successfully acquired and loaded
[    0.226723] Security Framework initialized
[    0.227546] Yama: becoming mindful.
[    0.228503] AppArmor: AppArmor initialized
[    0.230433] Dentry cache hash table entries: 524288 (order: 10, 4194304 bytes)
[    0.233937] Inode-cache hash table entries: 262144 (order: 9, 2097152 bytes)
[    0.235624] Mount-cache hash table entries: 8192 (order: 4, 65536 bytes)
[    0.236863] Mountpoint-cache hash table entries: 8192 (order: 4, 65536 bytes)
[    0.239090] Initializing cgroup subsys io
[    0.240052] Initializing cgroup subsys memory
[    0.241409] Initializing cgroup subsys devices
[    0.242312] Initializing cgroup subsys freezer
[    0.243276] Initializing cgroup subsys net_cls
[    0.244277] Initializing cgroup subsys perf_event
[    0.245201] Initializing cgroup subsys net_prio
[    0.246099] Initializing cgroup subsys hugetlb
[    0.246981] Initializing cgroup subsys pids
[    0.259277] mce: CPU supports 0 MCE banks
[    0.260312] Last level iTLB entries: 4KB 64, 2MB 8, 4MB 8
[    0.261704] Last level dTLB entries: 4KB 64, 2MB 0, 4MB 0, 1GB 4
[    0.262983] Spectre V1 : Mitigation: usercopy/swapgs barriers and __user pointer sanitization
[    0.265192] Spectre V2 : Mitigation: Full generic retpoline
[    0.266260] Spectre V2 : Spectre v2 / SpectreRSB mitigation: Filling RSB on context switch
[    0.267917] Speculative Store Bypass: Vulnerable
[    0.268870] SRBDS: Unknown: Dependent on hypervisor status
[    0.270065] MDS: Mitigation: Clear CPU buffers
[    0.273124] Freeing SMP alternatives memory: 36K
[    0.278864] ftrace: allocating 32366 entries in 127 pages
[    0.326375] smpboot: APIC(0) Converting physical 0 to logical package 0
[    0.328204] smpboot: Max logical packages: 1
[    0.329409] x2apic enabled
[    0.330274] Switched APIC routing to physical x2apic.
[    0.332228] ..TIMER: vector=0x30 apic1=0 pin1=2 apic2=-1 pin2=-1
[    0.441639] smpboot: CPU0: Intel(R) Core(TM) i7-8850H CPU @ 2.60GHz (family: 0x6, model: 0x9e, stepping: 0xa)
[    0.444559] Performance Events: unsupported p6 CPU model 158 no PMU driver, software events only.
[    0.453547] KVM setup paravirtual spinlock
[    0.455299] x86: Booting SMP configuration:
[    0.456402] .... node  #0, CPUs:      #1
[    0.457626] kvm-clock: cpu 1, msr 1:1ffef041, secondary cpu clock
[    0.470105] mce: CPU supports 0 MCE banks
[    0.473009] x86: Booted up 1 node, 2 CPUs
[    0.474421] smpboot: Total of 2 processors activated (10367.99 BogoMIPS)
[    0.476353] devtmpfs: initialized
[    0.478767] evm: security.selinux
[    0.479577] evm: security.SMACK64
[    0.480494] evm: security.SMACK64EXEC
[    0.481589] evm: security.SMACK64TRANSMUTE
[    0.482730] evm: security.SMACK64MMAP
[    0.483493] evm: security.ima
[    0.484195] evm: security.capability
[    0.485517] clocksource: jiffies: mask: 0xffffffff max_cycles: 0xffffffff, max_idle_ns: 7645041785100000 ns
[    0.487763] futex hash table entries: 512 (order: 3, 32768 bytes)
[    0.489188] pinctrl core: initialized pinctrl subsystem
[    0.490340] RTC time: 15:17:54, date: 03/25/21
[    0.491468] NET: Registered protocol family 16
[    0.501703] cpuidle: using governor ladder
[    0.514521] cpuidle: using governor menu
[    0.515960] PCCT header not found.
[    0.516922] ACPI: bus type PCI registered
[    0.518308] acpiphp: ACPI Hot Plug PCI Controller Driver version: 0.5
[    0.519856] PCI: Using configuration type 1 for base access
[    0.533257] ACPI: Added _OSI(Module Device)
[    0.534907] ACPI: Added _OSI(Processor Device)
[    0.536136] ACPI: Added _OSI(3.0 _SCP Extensions)
[    0.537711] ACPI: Added _OSI(Processor Aggregator Device)
[    0.539855] ACPI: Executed 1 blocks of module-level executable AML code
[    0.543124] ACPI: Interpreter enabled
[    0.544453] ACPI: (supports S0 S5)
[    0.545210] ACPI: Using IOAPIC for interrupt routing
[    0.546712] PCI: Using host bridge windows from ACPI; if necessary, use "pci=nocrs" and report a bug
[    0.551915] ACPI: PCI Root Bridge [PCI0] (domain 0000 [bus 00-ff])
[    0.553219] acpi PNP0A03:00: _OSC: OS supports [ASPM ClockPM Segments MSI]
[    0.554723] acpi PNP0A03:00: _OSC: not requesting OS control; OS requires [ExtendedConfig ASPM ClockPM MSI]
[    0.557538] acpi PNP0A03:00: fail to add MMCONFIG information, can't access extended PCI configuration space under this bridge.
[    0.566796] PCI host bridge to bus 0000:00
[    0.567813] pci_bus 0000:00: root bus resource [io  0x0000-0x0cf7 window]
[    0.569378] pci_bus 0000:00: root bus resource [io  0x0d00-0xffff window]
[    0.570926] pci_bus 0000:00: root bus resource [mem 0x000a0000-0x000bffff window]
[    0.573523] pci_bus 0000:00: root bus resource [mem 0xe0000000-0xfdffffff window]
[    0.575267] pci_bus 0000:00: root bus resource [bus 00-ff]
[    0.578432] pci 0000:00:01.1: legacy IDE quirk: reg 0x10: [io  0x01f0-0x01f7]
[    0.579772] pci 0000:00:01.1: legacy IDE quirk: reg 0x14: [io  0x03f6]
[    0.580960] pci 0000:00:01.1: legacy IDE quirk: reg 0x18: [io  0x0170-0x0177]
[    0.582298] pci 0000:00:01.1: legacy IDE quirk: reg 0x1c: [io  0x0376]
[    0.618403] pci 0000:00:07.0: quirk: [io  0x4000-0x403f] claimed by PIIX4 ACPI
[    0.620330] pci 0000:00:07.0: quirk: [io  0x4100-0x410f] claimed by PIIX4 SMB
[    0.634166] ACPI: PCI Interrupt Link [LNKA] (IRQs 5 9 10 *11)
[    0.636399] ACPI: PCI Interrupt Link [LNKB] (IRQs 5 9 *10 11)
[    0.638762] ACPI: PCI Interrupt Link [LNKC] (IRQs 5 *9 10 11)
[    0.641126] ACPI: PCI Interrupt Link [LNKD] (IRQs 5 9 10 *11)
[    0.643025] ACPI: Enabled 2 GPEs in block 00 to 07
[    0.644153] vgaarb: setting as boot device: PCI:0000:00:02.0
[    0.645208] vgaarb: device added: PCI:0000:00:02.0,decodes=io+mem,owns=io+mem,locks=none
[    0.647579] vgaarb: loaded
[    0.648178] vgaarb: bridge control possible 0000:00:02.0
[    0.649341] SCSI subsystem initialized
[    0.650214] ACPI: bus type USB registered
[    0.651565] usbcore: registered new interface driver usbfs
[    0.652753] usbcore: registered new interface driver hub
[    0.653769] usbcore: registered new device driver usb
[    0.656427] PCI: Using ACPI for IRQ routing
[    0.657706] NetLabel: Initializing
[    0.658428] NetLabel:  domain hash size = 128
[    0.659315] NetLabel:  protocols = UNLABELED CIPSOv4
[    0.660270] NetLabel:  unlabeled traffic allowed by default
[    0.661402] amd_nb: Cannot enumerate AMD northbridges
[    0.663439] clocksource: Switched to clocksource kvm-clock
[    0.669694] AppArmor: AppArmor Filesystem Enabled
[    0.671497] pnp: PnP ACPI init
[    0.673363] pnp: PnP ACPI: found 3 devices
[    0.682580] clocksource: acpi_pm: mask: 0xffffff max_cycles: 0xffffff, max_idle_ns: 2085701024 ns
[    0.684774] NET: Registered protocol family 2
[    0.686188] TCP established hash table entries: 32768 (order: 6, 262144 bytes)
[    0.688122] TCP bind hash table entries: 32768 (order: 7, 524288 bytes)
[    0.691610] TCP: Hash tables configured (established 32768 bind 32768)
[    0.693727] UDP hash table entries: 2048 (order: 4, 65536 bytes)
[    0.695081] UDP-Lite hash table entries: 2048 (order: 4, 65536 bytes)
[    0.696355] NET: Registered protocol family 1
[    0.697236] pci 0000:00:00.0: Limiting direct PCI/PCI transfers
[    0.698374] pci 0000:00:01.0: Activating ISA DMA hang workarounds
[    0.699667] Unpacking initramfs...
[    0.895878] Freeing initrd memory: 14892K
[    0.897216] PCI-DMA: Using software bounce buffering for IO (SWIOTLB)
[    0.898415] software IO TLB: mapped [mem 0xdbff0000-0xdfff0000] (64MB)
[    0.899736] clocksource: tsc: mask: 0xffffffffffffffff max_cycles: 0x255cb518234, max_idle_ns: 440795279333 ns
[    0.901669] platform rtc_cmos: registered platform RTC device (no PNP device found)
[    0.903219] Scanning for low memory corruption every 60 seconds
[    0.905111] audit: initializing netlink subsys (disabled)
[    0.906380] audit: type=2000 audit(1616685479.819:1): initialized
[    0.907740] Initialise system trusted keyring
[    0.908812] HugeTLB registered 2 MB page size, pre-allocated 0 pages
[    0.910969] zbud: loaded
[    0.911855] VFS: Disk quotas dquot_6.6.0
[    0.913176] VFS: Dquot-cache hash table entries: 512 (order 0, 4096 bytes)
[    0.914626] squashfs: version 4.0 (2009/01/31) Phillip Lougher
[    0.916388] fuse init (API version 7.23)
[    0.917295] Key type big_key registered
[    0.918104] Allocating IMA MOK and blacklist keyrings.
[    0.920059] Key type asymmetric registered
[    0.920897] Asymmetric key parser 'x509' registered
[    0.922242] Block layer SCSI generic (bsg) driver version 0.4 loaded (major 249)
[    0.924733] io scheduler noop registered
[    0.925954] io scheduler deadline registered (default)
[    0.926980] io scheduler cfq registered
[    0.927962] pci_hotplug: PCI Hot Plug PCI Core version: 0.5
[    0.929417] pciehp: PCI Express Hot Plug Controller Driver version: 0.4
[    0.930965] ACPI: AC Adapter [AC] (off-line)
[    0.931912] input: Power Button as /devices/LNXSYSTM:00/LNXPWRBN:00/input/input0
[    0.933413] ACPI: Power Button [PWRF]
[    0.934251] input: Sleep Button as /devices/LNXSYSTM:00/LNXSLPBN:00/input/input1
[    0.935745] ACPI: Sleep Button [SLPF]
[    0.937107] GHES: HEST is not enabled!
[    0.938059] ACPI: Battery Slot [BAT0] (battery present)
[    0.939319] Serial: 8250/16550 driver, 32 ports, IRQ sharing enabled
[    0.961569] 00:02: ttyS0 at I/O 0x3f8 (irq = 4, base_baud = 115200) is a 16550A
[    0.965318] Linux agpgart interface v0.103
[    0.967442] loop: module loaded
[    0.968581] scsi host0: ata_piix
[    0.969360] scsi host1: ata_piix
[    0.970077] ata1: PATA max UDMA/33 cmd 0x1f0 ctl 0x3f6 bmdma 0xd000 irq 14
[    0.971477] ata2: PATA max UDMA/33 cmd 0x170 ctl 0x376 bmdma 0xd008 irq 15
[    0.972914] libphy: Fixed MDIO Bus: probed
[    0.973861] tun: Universal TUN/TAP device driver, 1.6
[    0.975133] tun: (C) 1999-2004 Max Krasnyansky <maxk@qualcomm.com>
[    0.976924] PPP generic driver version 2.4.2
[    0.978153] ehci_hcd: USB 2.0 'Enhanced' Host Controller (EHCI) Driver
[    0.979487] ehci-pci: EHCI PCI platform driver
[    0.980767] ehci-platform: EHCI generic platform driver
[    0.981859] ohci_hcd: USB 1.1 'Open' Host Controller (OHCI) Driver
[    0.983054] ohci-pci: OHCI PCI platform driver
[    0.984875] ohci-platform: OHCI generic platform driver
[    0.985978] uhci_hcd: USB Universal Host Controller Interface driver
[    0.987445] i8042: PNP: PS/2 Controller [PNP0303:PS2K,PNP0f03:PS2M] at 0x60,0x64 irq 1,12
[    0.989993] serio: i8042 KBD port at 0x60,0x64 irq 1
[    0.991089] serio: i8042 AUX port at 0x60,0x64 irq 12
[    0.992367] mousedev: PS/2 mouse device common for all mice
[    0.994041] input: AT Translated Set 2 keyboard as /devices/platform/i8042/serio0/input/input2
[    0.996119] rtc_cmos rtc_cmos: rtc core: registered rtc_cmos as rtc0
[    0.997355] rtc_cmos rtc_cmos: alarms up to one day, 114 bytes nvram
[    0.998548] i2c /dev entries driver
[    0.999316] device-mapper: uevent: version 1.0.3
[    1.000363] device-mapper: ioctl: 4.34.0-ioctl (2015-10-28) initialised: dm-devel@redhat.com
[    1.002059] ledtrig-cpu: registered to indicate activity on CPUs
[    1.003566] NET: Registered protocol family 10
[    1.004975] NET: Registered protocol family 17
[    1.006215] Key type dns_resolver registered
[    1.008085] registered taskstats version 1
[    1.009204] Loading compiled-in X.509 certificates
[    1.010779] Loaded X.509 cert 'Build time autogenerated kernel key: c0f1dd89d7e09a1955be4fde7c6f946674683c10'
[    1.012955] zswap: loaded using pool lzo/zbud
[    1.015340] Key type trusted registered
[    1.019190] Key type encrypted registered
[    1.020071] AppArmor: AppArmor sha1 policy hashing enabled
[    1.021409] ima: No TPM chip found, activating TPM-bypass!
[    1.022757] ima: Allocated hash algorithm: sha1
[    1.023990] evm: HMAC attrs: 0x1
[    1.025042]   Magic number: 13:171:286
[    1.025826] ppp ppp: hash matches
[    1.026625] rtc_cmos rtc_cmos: setting system clock to 2021-03-25 15:17:55 UTC (1616685475)
[    1.029017] BIOS EDD facility v0.16 2004-Jun-25, 0 devices found
[    1.030412] EDD information not available.
[    1.151379] Freeing unused kernel memory: 1496K
[    1.152398] Write protecting the kernel read-only data: 14336k
[    1.154007] Freeing unused kernel memory: 1588K
[    1.155391] Freeing unused kernel memory: 52K
Loading, please wait...
starting version 229
[    1.167160] random: systemd-udevd: uninitialized urandom read (16 bytes read, 3 bits of entropy available)
[    1.167434] random: udevadm: uninitialized urandom read (16 bytes read, 3 bits of entropy available)
[    1.167455] random: udevadm: uninitialized urandom read (16 bytes read, 3 bits of entropy available)
[    1.173614] random: systemd-udevd: uninitialized urandom read (16 bytes read, 3 bits of entropy available)
[    1.174027] random: udevadm: uninitialized urandom read (16 bytes read, 3 bits of entropy available)
[    1.174068] random: udevadm: uninitialized urandom read (16 bytes read, 3 bits of entropy available)
[    1.174174] random: udevadm: uninitialized urandom read (16 bytes read, 3 bits of entropy available)
[    1.174241] random: udevadm: uninitialized urandom read (16 bytes read, 3 bits of entropy available)
[    1.174314] random: udevadm: uninitialized urandom read (16 bytes read, 3 bits of entropy available)
[    1.174398] random: udevadm: uninitialized urandom read (16 bytes read, 3 bits of entropy available)
[    1.215205] e1000: Intel(R) PRO/1000 Network Driver - version 7.3.21-k8-NAPI
[    1.216937] e1000: Copyright (c) 1999-2006 Intel Corporation.
[    1.220082] Fusion MPT base driver 3.04.20
[    1.221027] Copyright (c) 1999-2008 LSI Corporation
[    1.228545] Fusion MPT SPI Host driver 3.04.20
[    1.237607] AVX2 version of gcm_enc/dec engaged.
[    1.239044] AES CTR mode by8 optimization enabled
[    1.443579] input: ImExPS/2 Generic Explorer Mouse as /devices/platform/i8042/serio1/input/input4
[    1.638060] e1000 0000:00:03.0 eth0: (PCI:33MHz:32-bit) 02:6e:7f:8d:d8:76
[    1.639606] e1000 0000:00:03.0 eth0: Intel(R) PRO/1000 Network Connection
[    1.641590] mptbase: ioc0: Initiating bringup
[    1.642184] e1000 0000:00:03.0 enp0s3: renamed from eth0
[    1.987681] ioc0: LSI53C1030 A0: Capabilities={Initiator}
[    3.697527] scsi host2: ioc0: LSI53C1030 A0, FwRev=00000000h, Ports=1, MaxQ=256, IRQ=20
[    5.633096] scsi 2:0:0:0: Direct-Access     VBOX     HARDDISK         1.0  PQ: 0 ANSI: 5
[    5.636485] scsi target2:0:0: Beginning Domain Validation
[    5.639847] scsi target2:0:0: Domain Validation skipping write tests
[    5.641516] scsi target2:0:0: Ending Domain Validation
[    5.642892] scsi target2:0:0: asynchronous
[    5.645022] scsi 2:0:1:0: Direct-Access     VBOX     HARDDISK         1.0  PQ: 0 ANSI: 5
[    5.647231] scsi target2:0:1: Beginning Domain Validation
[    5.649425] scsi target2:0:1: Domain Validation skipping write tests
[    5.651014] scsi target2:0:1: Ending Domain Validation
[    5.652404] scsi target2:0:1: asynchronous
[    5.660364] sd 2:0:0:0: Attached scsi generic sg0 type 0
[    5.661843] sd 2:0:0:0: [sda] 83886080 512-byte logical blocks: (42.9 GB/40.0 GiB)
[    5.664646] sd 2:0:1:0: Attached scsi generic sg1 type 0
[    5.666411] sd 2:0:1:0: [sdb] 20480 512-byte logical blocks: (10.5 MB/10.0 MiB)
[    5.667546] sd 2:0:0:0: [sda] Write Protect is off
[    5.667755] sd 2:0:0:0: [sda] Incomplete mode parameter data
[    5.667757] sd 2:0:0:0: [sda] Assuming drive cache: write through
[    5.672646]  sda: sda1
[    5.673647] sd 2:0:0:0: [sda] Attached SCSI disk
[    5.676320] sd 2:0:1:0: [sdb] Write Protect is off
[    5.677695] sd 2:0:1:0: [sdb] Incomplete mode parameter data
[    5.679409] sd 2:0:1:0: [sdb] Assuming drive cache: write through
[    5.683525] sd 2:0:1:0: [sdb] Attached SCSI disk
Begin: Loading essential drivers ... [    6.965202] md: linear personality registered for level -1
[    6.968470] md: multipath personality registered for level -4
[    6.971805] md: raid0 personality registered for level 0
[    6.975914] md: raid1 personality registered for level 1
[    7.047598] raid6: sse2x1   gen() 13908 MB/s
[    7.115671] raid6: sse2x1   xor() 10333 MB/s
[    7.183692] raid6: sse2x2   gen() 17176 MB/s
[    7.252033] raid6: sse2x2   xor() 10671 MB/s
[    7.319485] raid6: sse2x4   gen() 14099 MB/s
[    7.387641] raid6: sse2x4   xor() 12589 MB/s
[    7.455449] raid6: avx2x1   gen() 24336 MB/s
[    7.523662] raid6: avx2x2   gen() 31105 MB/s
[    7.591714] raid6: avx2x4   gen() 34445 MB/s
[    7.592639] raid6: using algorithm avx2x4 gen() 34445 MB/s
[    7.593725] raid6: using avx2x2 recovery algorithm
[    7.596242] xor: automatically using best checksumming function:
[    7.640668]    avx       : 55429.000 MB/sec
[    7.642833] async_tx: api initialized (async)
[    7.651636] md: raid6 personality registered for level 6
[    7.653279] md: raid5 personality registered for level 5
[    7.654973] md: raid4 personality registered for level 4
[    7.663248] md: raid10 personality registered for level 10
done.
Begin: Running /scripts/init-premount ... done.
Begin: Mounting root file system ... Begin: Running /scripts/local-top ... done.
Begin: Running /scripts/local-premount ... [    7.695589] Btrfs loaded
Scanning for Btrfs filesystems
done.
Warning: fsck not present, so skipping root file system
[    7.714417] EXT4-fs (sda1): mounted filesystem with ordered data mode. Opts: (null)
done.
Begin: Running /scripts/local-bottom ... done.
Begin: Running /scripts/init-bottom ... done.
[    7.761421] systemd[1]: systemd 229 running in system mode. (+PAM +AUDIT +SELINUX +IMA +APPARMOR +SMACK +SYSVINIT +UTMP +LIBCRYPTSETUP +GCRYPT +GNUTLS +ACL +XZ -LZ4 +SECCOMP +BLKID +ELFUTILS +KMOD -IDN)
[    7.764999] systemd[1]: Detected virtualization oracle.
[    7.766034] systemd[1]: Detected architecture x86-64.

Welcome to [1mUbuntu 16.04.7 LTS[0m!

[    7.768314] systemd[1]: Set hostname to <ubuntu>.
[    7.770200] systemd[1]: Initializing machine ID from random generator.
[    7.771872] systemd[1]: Installed transient /etc/machine-id file.
[    7.869516] systemd[1]: Reached target Swap.
[[0;32m  OK  [0m] Reached target Swap.
[    7.871263] systemd[1]: Reached target Encrypted Volumes.
[[0;32m  OK  [0m] Reached target Encrypted Volumes.
[    7.873407] systemd[1]: Started Trigger resolvconf update for networkd DNS.
[[0;32m  OK  [0m] Started Trigger resolvconf update for networkd DNS.
[    7.876007] systemd[1]: Listening on LVM2 poll daemon socket.
[[0;32m  OK  [0m] Listening on LVM2 poll daemon socket.
[    7.888103] systemd[1]: Listening on Device-mapper event daemon FIFOs.
[[0;32m  OK  [0m] Listening on Device-mapper event daemon FIFOs.
[    7.891228] systemd[1]: Created slice System Slice.
[[0;32m  OK  [0m] Created slice System Slice.
[    7.893565] systemd[1]: Listening on Journal Audit Socket.
[[0;32m  OK  [0m] Listening on Journal Audit Socket.
[    7.904322] systemd[1]: Created slice system-serial\x2dgetty.slice.
[[0;32m  OK  [0m] Created slice system-serial\x2dgetty.slice.
[    7.907428] systemd[1]: Listening on Journal Socket (/dev/log).
[[0;32m  OK  [0m] Listening on Journal Socket (/dev/log).
[    7.910006] systemd[1]: Set up automount Arbitrary Executable File Formats File System Automount Point.
[[0;32m  OK  [0m] Set up automount Arbitrary Executab...ats File System Automount Point.
[    7.913712] systemd[1]: Reached target User and Group Name Lookups.
[[0;32m  OK  [0m] Reached target User and Group Name Lookups.
[    7.924162] systemd[1]: Listening on udev Control Socket.
[[0;32m  OK  [0m] Listening on udev Control Socket.
[    7.926616] systemd[1]: Reached target System Time Synchronized.
[[0;32m  OK  [0m] Reached target System Time Synchronized.
[    7.928806] systemd[1]: Listening on Journal Socket.
[[0;32m  OK  [0m] Listening on Journal Socket.
[    7.948032] systemd[1]: Mounting Huge Pages File System...
         Mounting Huge Pages File System...
[    7.951167] systemd[1]: Mounting POSIX Message Queue File System...
         Mounting POSIX Message Queue File System...
[    7.954557] systemd[1]: Starting Create list of required static device nodes for the current kernel...
         Starting Create list of required st... nodes for the current kernel...
[    7.959415] systemd[1]: Mounting Debug File System...
         Mounting Debug File System...
[    7.961832] systemd[1]: Starting Nameserver information manager...
         Starting Nameserver information manager...
[    7.964839] systemd[1]: Starting Remount Root and Kernel File Systems...
[    7.966933] EXT4-fs (sda1): re-mounted. Opts: (null)
         Starting Remount Root and Kernel File Systems...
[    7.969646] systemd[1]: Starting Load Kernel Modules...
         Starting Load Kernel Modules...
[    7.972723] systemd[1]: Listening on LVM2 metadata daemon socket.
[[0;32m  OK  [0m] Listening on LVM2 metadata daemon socket.
[    7.975617] systemd[1]: Starting Monitoring of LVM2 mirrors, snapshots etc. using dmeventd or progress polling...
         Starting Monitoring of LVM2 mirrors... dmeventd or progress polling...
[    7.979957] systemd[1]: Starting Uncomplicated firewall...
[    7.980011] Loading iSCSI transport class v2.0-870.
         Starting Uncomplicated firewall...
[    7.983782] systemd[1]: Created slice User and Session Slice.
[[0;32m  OK  [0m] Created slice User and Session Slice.
[    7.986565] systemd[1]: Reached target Slices.
[[0;32m  OK  [0m] Reached target Slices.
[    7.989228] systemd[1]: Listening on udev Kernel Socket.
[[0;32m  OK  [0m] Listening on udev Kernel Socket.
[    7.991894] systemd[1]: Listening on /dev/initctl Compatibility Named Pipe.
[[0;32m  OK  [0m] Listening on /dev/initctl Compatibility Named Pipe.
[    7.994974] systemd[1]: Listening on Syslog Socket.
[    7.996631] iscsi: registered transport (tcp)
[[0;32m  OK  [0m] Listening on Syslog Socket.
[    7.999162] systemd[1]: Starting Journal Service...
         Starting Journal Service...
[    8.001533] systemd[1]: Started Forward Password Requests to Wall Directory Watch.
[[0;32m  OK  [0m] Started Forward Password Requests to Wall Directory Watch.
[    8.005329] systemd[1]: Starting Set console keymap...
         Starting Set console keymap...
[    8.011120] systemd[1]: Mounted Debug File System.
[[0;32m  OK  [0m] Mounted Debug File System.
[    8.019682] systemd[1]: Mounted POSIX Message Queue File System.
[[0;32m  OK  [0m] Mounted POSIX Message Queue File System.
[    8.027804] systemd[1]: Mounted Huge Pages File System.
[[0;32m  OK  [0m] Mounted Huge Pages File System.
[    8.031221] systemd[1]: Started Journal Service.
[[0;32m  OK  [0m] Started Journal Service.
[[0;32m  OK  [0m] Started Create list of required sta...ce nodes for the current kernel.
[    8.042489] iscsi: registered transport (iser)
[[0;32m  OK  [0m] Started Remount Root and Kernel File Systems.
[[0;32m  OK  [0m] Started Load Kernel Modules.
[[0;32m  OK  [0m] Started Uncomplicated firewall.
[[0;32m  OK  [0m] Started Set console keymap.
[[0;32m  OK  [0m] Started Nameserver information manager.
[[0;32m  OK  [0m] Started LVM2 metadata daemon.
         Starting Apply Kernel Variables...
         Mounting FUSE Control File System...
         Starting udev Coldplug all Devices...
         Starting Load/Save Random Seed...
         Starting Create Static Device Nodes in /dev...
         Starting Flush Journal to Persistent Storage...
[[0;32m  OK  [0m] Mounted FUSE Control File System.
[[0;32m  OK  [0m] Started Apply Kernel Variables.
[[0;32m  OK  [0m] Started Load/Save Random Seed.
[[0;32m  OK  [0m] Started Create Static Device Nodes in /dev.
         Starting udev Kernel Device Manager...
[[0;32m  OK  [0m] Started Flush Journal to Persistent Storage.
[[0;32m  OK  [0m] Started udev Kernel Device Manager.
[[0;32m  OK  [0m] Started udev Coldplug all Devices.
[[0;32m  OK  [0m] Started Dispatch Password Requests to Console Directory Watch.
[[0;32m  OK  [0m] Found device /dev/ttyS0.
[[0;32m  OK  [0m] Started Monitoring of LVM2 mirrors,...ng dmeventd or progress polling.
[[0;32m  OK  [0m] Listening on Load/Save RF Kill Switch Status /dev/rfkill Watch.
[[0;32m  OK  [0m] Reached target Local File Systems (Pre).
[[0;32m  OK  [0m] Reached target Local File Systems.
         Starting Commit a transient machine-id on disk...
         Starting Initial cloud-init job (pre-networking)...
         Starting LSB: AppArmor initialization...
         Starting Set console font and keymap...
         Starting Create Volatile Files and Directories...
         Starting Tell Plymouth To Write Out Runtime Data...
[[0;32m  OK  [0m] Started Commit a transient machine-id on disk.
[[0;32m  OK  [0m] Started Create Volatile Files and Directories.
[[0;32m  OK  [0m] Started Tell Plymouth To Write Out Runtime Data.
         Starting Update UTMP about System Boot/Shutdown...
[[0;32m  OK  [0m] Started Update UTMP about System Boot/Shutdown.
[    8.675393] cloud-init[532]: Cloud-init v. 20.4.1-0ubuntu1~16.04.1 running 'init-local' at Thu, 25 Mar 2021 15:18:03 +0000. Up 8.39 seconds.
[[0;32m  OK  [0m] Started Initial cloud-init job (pre-networking).
[[0;32m  OK  [0m] Reached target Network (Pre).
[[0;32m  OK  [0m] Started Set console font and keymap.
[[0;32m  OK  [0m] Created slice system-getty.slice.
[[0;32m  OK  [0m] Started LSB: AppArmor initialization.
         Starting Raise network interfaces...
         Starting Load AppArmor profiles managed internally by snapd...
[[0;32m  OK  [0m] Started Load AppArmor profiles managed internally by snapd.
[[0;32m  OK  [0m] Started Raise network interfaces.
[[0;32m  OK  [0m] Reached target Network.
         Starting Initial cloud-init job (metadata service crawler)...
[   10.013053] cloud-init[941]: Cloud-init v. 20.4.1-0ubuntu1~16.04.1 running 'init' at Thu, 25 Mar 2021 15:18:04 +0000. Up 9.48 seconds.
[   10.014260] cloud-init[941]: ci-info: ++++++++++++++++++++++++++++++++++++++Net device info++++++++++++++++++++++++++++++++++++++
[   10.015491] cloud-init[941]: ci-info: +--------+------+----------------------------+---------------+--------+-------------------+
[   10.024414] cloud-init[941]: ci-info: | Device |  Up  |          Address           |      Mask     | Scope  |     Hw-Address    |
[   10.025786] cloud-init[941]: ci-info: +--------+------+----------------------------+---------------+--------+-------------------+
[   10.027437] cloud-init[941]: ci-info: | enp0s3 | True |         10.0.2.15          | 255.255.255.0 | global | 02:6e:7f:8d:d8:76 |
[   10.036499] cloud-init[941]: ci-info: | enp0s3 | True | fe80::6e:7fff:fe8d:d876/64 |       .       |  link  | 02:6e:7f:8d:d8:76 |
[   10.038368] cloud-init[941]: ci-info: |   lo   | True |         127.0.0.1          |   255.0.0.0   |  host  |         .         |
[   10.040370] cloud-init[941]: ci-info: |   lo   | True |          ::1/128           |       .       |  host  |         .         |
[[0;32m  OK  [0m] Started Initial cloud-init job (metadata service crawler).
[[0;32m  OK  [0m] Reached target System Initialization.
         Starting Socket activation for snappy daemon.
[   10.055379] cloud-init[941]: ci-info: +--------+------+----------------------------+---------------+--------+-------------------+
[   10.222913] cloud-init[941]: ci-info: +++++++++++++++++++++++++++Route IPv4 info++++++++++++++++++++++++++++
[   10.373947] cloud-init[941]: ci-info: +-------+-------------+----------+---------------+-----------+-------+
[   10.375260] cloud-init[941]: ci-info: | Route | Destination | Gateway  |    Genmask    | Interface | Flags |
[   10.432551] cloud-init[941]: ci-info: +-------+-------------+----------+---------------+-----------+-------+
[[0;32m  OK  [0m] Started ACPI Events Check.
[[0;32m  OK  [0m] Reached target Paths.
[[0;32m  OK  [0m] Listening on UUID daemon activation socket.
[[0;32m  OK  [0m] Listening on D-Bus System Message Bus Socket.
[[0;32m  OK  [0m] Listening on ACPID Listen Socket.
[[0;32m  OK  [0m] Started Daily Cleanup of Temporary Directories.
[[0;32m  OK  [0m] Started Message of the Day.
[   10.455986] cloud-init[941]: ci-info: |   0   |   0.0.0.0   | 10.0.2.2 |    0.0.0.0    |   enp0s3  |   UG  |
[   10.460664] cloud-init[941]: ci-info: |   1   |   10.0.2.0  | 0.0.0.0  | 255.255.255.0 |   enp0s3  |   U   |
[   10.468715] cloud-init[941]: ci-info: +-------+-------------+----------+---------------+-----------+-------+
[   10.469920] cloud-init[941]: ci-info: +++++++++++++++++++Route IPv6 info+++++++++++++++++++
         Starting LXD - unix socket.
[[0;32m  OK  [0m] Started Daily apt download activities.
[[0;32m  OK  [0m] Started Daily apt upgrade and clean activities.
[[0;32m  OK  [0m] Reached target Timers.
[   10.643802] cloud-init[941]: ci-info: +-------+-------------+---------+-----------+-------+
[   10.658325] cloud-init[941]: ci-info: | Route | Destination | Gateway | Interface | Flags |
[[0;32m  OK  [0m] Reached target Network is Online.
[   10.661371] cloud-init[941]: ci-info: +-------+-------------+---------+-----------+-------+
[   10.662947] cloud-init[941]: ci-info: |   0   |  fe80::/64  |    ::   |   enp0s3  |   U   |
[   10.664528] cloud-init[941]: ci-info: |   3   |   ff00::/8  |    ::   |   enp0s3  |   U   |
[   10.666006] cloud-init[941]: ci-info: +-------+-------------+---------+-----------+-------+
         Starting iSCSI initiator daemon (iscsid)...[   10.669009] 
cloud-init[941]: Generating public/private rsa key pair.
[   10.670497] cloud-init[941]: Your identification has been saved in /etc/ssh/ssh_host_rsa_key.
[   10.670676] cloud-init[941]: Your public key has been saved in /etc/ssh/ssh_host_rsa_key.pub.
[   10.671264] cloud-init[941]: The key fingerprint is:
[   10.671839] cloud-init[941]: SHA256:9TgdX4nyY6BOQ3bgocg2NzOMh+0UVXpRT161OPeobP8 root@ubuntu-xenial
[[0;32m  OK  [0m] Reached target Cloud-config availability.
[[   10.672166] [0;32m  OK  [0mcloud-init] [941]: Listening on Socket activation for snappy daemon.The key's randomart image is:

[   10.678015] cloud-init[941]: +---[RSA 2048]----+
[   10.678183] [cloud-init[0;32m  OK  [0m[941]: ] |       ..+.o.. .+|Listening on LXD - unix socket.

[[0;32m  OK  [0m] Reached target Sockets.
[[0;32m  OK  [0m] Reached target Basic System.
[   10.678229] cloud-init[941]: |    . * + + . * +|
         Starting /etc/rc.local Compatibility...
[   10.687784] cloud-init[941]: |     B @ =.=.+ *.|
[   10.693785] cloud-init[941]: |    . * *.+++ooo.|
[   10.695651] cloud-init[941]: |       .S+o o+o .|
[   10.695964] cloud-init[941]: |        o .o...  |
[[   10.696393] [0;32m  OK  [0mcloud-init] [941]: |         .  +    |
Started D-Bus System Message Bus.
[   10.697166] cloud-init[941]: |           . .   |
[   10.700405] cloud-init[941]: |              ..E|
[   10.702084] cloud-init[941]: +----[SHA256]-----+
[   10.704058] cloud-init[941]: Generating public/private dsa key pair.
[   10.709709] cloud-init[941]: Your identification has been saved in /etc/ssh/ssh_host_dsa_key.
[   10.720363] cloud-init[941]: Your public key has been saved in /etc/ssh/ssh_host_dsa_key.pub.
[   10.722214] cloud-init[941]: The key fingerprint is:
[   10.724422] cloud-init[941]: SHA256:uZp2ufzLXbuL5rfit6SQkntC018Ng8w76SYzRI9dhLg root@ubuntu-xenial
[   10.728001] cloud-init[941]: The key's randomart image is:
[   10.729616] cloud-init[941]: +---[DSA 1024]----+
[   10.731117] cloud-init[941]: |           . .   |
[   10.740295] cloud-init[941]: |          . . .  |
[   10.740477] cloud-init[941]: |           + o   |
[   10.741184] cloud-init[941]: |         .E + +  |
[   10.741696] cloud-init[941]: |        So + + + |
[   10.741858] cloud-init[941]: |        oo+.* . .|
[   10.742423] cloud-init[941]: |       .++oo oo  |
[   10.742738] cloud-init[941]: |      .+++=o*=o. |
[   10.743234] cloud-init[941]: |     .o.+=+X*+*= |
[   10.743780] cloud-init[941]: +----[SHA256]-----+
[   10.744515] cloud-init[941]: Generating public/private ecdsa key pair.
[   10.744921] cloud-init[941]: Your identification has been saved in /etc/ssh/ssh_host_ecdsa_key.
[   10.745424] cloud-init[941]: Your public key has been saved in /etc/ssh/ssh_host_ecdsa_key.pub.
[   10.745911] cloud-init[941]: The key fingerprint is:
[   10.746263] cloud-init[941]: SHA256:LwyOoG0xMntuyTrHrI/HdGIwxLmzWE/mB8ki4Zu8vjU root@ubuntu-xenial
[   10.746806] cloud-init[941]: The key's randomart image is:
[   10.747069] cloud-init[941]: +---[ECDSA 256]---+
[   10.747095] cloud-init[941]: |. .              |
[   10.747121] cloud-init[941]: |.+               |
[   10.747146] cloud-init[941]: |o... .           |
[   10.747538] cloud-init[941]: |++o *            |
[   10.747770] cloud-init[941]: |==O* .. S        |
[   10.748489] cloud-init[941]: |.@+++o.o .       |
[   10.748698] cloud-init[941]: |oB=E... o .      |
[   10.749208] cloud-init[941]: |.*@ .    .       |
[   10.749744] cloud-init[941]: |=@+              |
[   10.749924] cloud-init[941]: +----[SHA256]-----+
[   10.750002] cloud-init[941]: Generating public/private ed25519 key pair.
[   10.750196] cloud-init[941]: Your identification has been saved in /etc/ssh/ssh_host_ed25519_key.
[   10.750652] cloud-init[941]: Your public key has been saved in /etc/ssh/ssh_host_ed25519_key.pub.
[   10.750822] cloud-init[941]: The key fingerprint is:
[   10.751124] cloud-init[941]: SHA256:42kQ0sAT+9oxbbxRZkKFgpX35tMhFVNrvmpuxAJhBMU root@ubuntu-xenial
[   10.751569] cloud-init[941]: The key's randomart image is:
[   10.752189] cloud-init[941]: +--[ED25519 256]--+
[   10.753069] cloud-init[941]: |   .o+o*+o. oo.  |
[   10.753748] cloud-init[941]: |    ++o.E   .. . |
[   10.754326] cloud-init[941]: |    o.o+.o+.  o  |
[   10.754765] cloud-init[941]: |     o +.=+ .o   |
[   10.754917] cloud-init[941]: |      = S+ + ..  |
[   10.755322] cloud-init[941]: |     o * =+ +  . |
[   10.755897] cloud-init[941]: |    . . =  +  .  |
[   10.756498] cloud-init[941]: |       .    o.   |
[   10.757245] cloud-init[941]: |           +o    |
[   10.757621] cloud-init[941]: +----[SHA256]-----+
[[0;32m  OK  [0m] Started FUSE filesystem for LXC.
[[0;32m  OK  [0m] Started Regular background program processing daemon.
         Starting LXD - container startup/shutdown...
         Starting LSB: MD monitoring daemon...
         Starting Virtualbox guest utils...
[[0;32m  OK  [0m] Started ACPI event daemon.
[[0;32m  OK  [0m] Started Deferred execution scheduler.
         Starting LSB: Record successful boot for GRUB...
         Starting Pollinate to seed the pseudo random number generator...
         Starting Login Service...
         Starting Accounts Service...
         Starting System Logging Service...
         Starting Snap Daemon...
[[0;32m  OK  [0m] Started iSCSI initiator daemon (iscsid).
[[0;32m  OK  [0m] Started /etc/rc.local Compatibility.
[[0;32m  OK  [0m] Started System Logging Service.
         Starting Login to default iSCSI targets...
[[0;32m  OK  [0m] Started LSB: MD monitoring daemon.
[[0;32m  OK  [0m] Started Login Service.
         Starting Authenticate and Authorize Users to Run Privileged Tasks...
[[0;32m  OK  [0m] Started Unattended Upgrades Shutdown.
[[0;32m  OK  [0m] Started LXD - container startup/shutdown.
[[0;32m  OK  [0m] Started LSB: Record successful boot for GRUB.
[[0;32m  OK  [0m] Started Login to default iSCSI targets.
[[0;32m  OK  [0m] Reached target Remote File Systems (Pre).
[[0;32m  OK  [0m] Reached target Remote File Systems.
         Starting LSB: daemon to balance interrupts for SMP systems...
         Starting Permit User Sessions...
         Starting LSB: automatic crash report generation...
         Starting LSB: Set the CPU Frequency Scaling governor to "ondemand"...
[[0;32m  OK  [0m] Started Virtualbox guest utils.
[[0;32m  OK  [0m] Started Permit User Sessions.
[[0;32m  OK  [0m] Started Authenticate and Authorize Users to Run Privileged Tasks.
[[0;32m  OK  [0m] Started Accounts Service.
         Starting Hold until boot process finishes up...
         Starting Terminate Plymouth Boot Screen...
[[0;32m  OK  [0m] Started LSB: daemon to balance interrupts for SMP systems.
[[0;32m  OK  [0m] Started LSB: automatic crash report generation.
[[0;32m  OK  [0m] Started LSB: Set the CPU Frequency Scaling governor to "ondemand".
[[0;32m  OK  [0m] Started Hold until boot process finishes up.
[[0;32m  OK  [0m] Started Terminate Plymouth Boot Screen.
[[0;32m  OK  [0m] Started Getty on tty1.
[[0;32m  OK  [0m] Started Serial Getty on ttyS0.
[[0;32m  OK  [0m] Reached target Login Prompts.
         Starting Set console scheme...
[[0;32m  OK  [0m] Started Set console scheme.
[[0;32m  OK  [0m] Started Snap Daemon.
         Starting Wait until snapd is fully seeded...
[[0;32m  OK  [0m] Started Pollinate to seed the pseudo random number generator.
         Starting OpenBSD Secure Shell server...
[[0;32m  OK  [0m] Started OpenBSD Secure Shell server.
[[0;32m  OK  [0m] Created slice User Slice of vagrant.
         Starting User Manager for UID 1000...
[[0;32m  OK  [0m] Started Session 1 of user vagrant.
[[0;32m  OK  [0m] Started User Manager for UID 1000.
[[0;32m  OK  [0m] Started Wait until snapd is fully seeded.
         Starting Apply the settings specified in cloud-config...
[[0;32m  OK  [0m] Reached target Multi-User System.
[[0;32m  OK  [0m] Reached target Graphical Interface.
         Starting Update UTMP about System Runlevel Changes...
[[0;32m  OK  [0m] Started Update UTMP about System Runlevel Changes.
[   13.006708] cloud-init[1348]: Generating locales (this might take a while)...
[   13.713472] cloud-init[1348]:   en_US.UTF-8... done
[   13.720825] cloud-init[1348]: Generation complete.
         Stopping User Manager for UID 1000...
[[0;32m  OK  [0m] Stopped User Manager for UID 1000.
[[0;32m  OK  [0m] Removed slice User Slice of vagrant.
[   13.918262] cloud-init[1348]: Cloud-init v. 20.4.1-0ubuntu1~16.04.1 running 'modules:config' at Thu, 25 Mar 2021 15:18:07 +0000. Up 12.91 seconds.
[[0;32m  OK  [0m] Created slice User Slice of vagrant.
         Starting User Manager for UID 1000...
[[0;32m  OK  [0m] Started Session 2 of user vagrant.
[[0;32m  OK  [0m] Started User Manager for UID 1000.
[[0;32m  OK  [0m] Started Apply the settings specified in cloud-config.
         Starting Execute cloud user/final scripts...
ci-info: no authorized SSH keys fingerprints found for user ubuntu.
<14>Mar 25 15:18:09 ec2: 
<14>Mar 25 15:18:09 ec2: #############################################################
<14>Mar 25 15:18:09 ec2: -----BEGIN SSH HOST KEY FINGERPRINTS-----
<14>Mar 25 15:18:09 ec2: 1024 SHA256:uZp2ufzLXbuL5rfit6SQkntC018Ng8w76SYzRI9dhLg root@ubuntu-xenial (DSA)
<14>Mar 25 15:18:09 ec2: 256 SHA256:LwyOoG0xMntuyTrHrI/HdGIwxLmzWE/mB8ki4Zu8vjU root@ubuntu-xenial (ECDSA)
<14>Mar 25 15:18:09 ec2: 256 SHA256:42kQ0sAT+9oxbbxRZkKFgpX35tMhFVNrvmpuxAJhBMU root@ubuntu-xenial (ED25519)
<14>Mar 25 15:18:09 ec2: 2048 SHA256:9TgdX4nyY6BOQ3bgocg2NzOMh+0UVXpRT161OPeobP8 root@ubuntu-xenial (RSA)
<14>Mar 25 15:18:09 ec2: -----END SSH HOST KEY FINGERPRINTS-----
<14>Mar 25 15:18:09 ec2: #############################################################
-----BEGIN SSH HOST KEY KEYS-----
ecdsa-sha2-nistp256 AAAAE2VjZHNhLXNoYTItbmlzdHAyNTYAAAAIbmlzdHAyNTYAAABBBKjByNoH0uE5mWKireaGZa5oHUXFXu09pLtnBqY7xyqINd5BPiUZvYf78OvtW+2l2EETMuLLf31s35hP3+QssuA= root@ubuntu-xenial
ssh-ed25519 AAAAC3NzaC1lZDI1NTE5AAAAIEUWnMySFWEcsmWF2tXzIOZvNWQ9pzWBHHjuT3rkBmiN root@ubuntu-xenial
ssh-rsa AAAAB3NzaC1yc2EAAAADAQABAAABAQCve5oSoj0aflP35LCVimCVDUzIl6hQoco9KzsYi0oPTGMszC29SjlGOrScjmK4He9wxx6gIY5d1WTirocWx9n7MXelXbVduruGcPSAg0fxQRcBV7y6jmM033ckGJ4+4ypo1pcftjQufVZAeaSdAO9ZPEUQBGWUXKSVCOTdWlTIjL2dCLNwjJIY/VY05jkbxuV4GsqcG7Lcb/aTDDA95wcPTF/Bv+kmfa5ICaCm97noJ3OfMYkdgyad7qEDvPq/ff5IG3tUKWj0SCMSRU5U5MWeRZV16pSySbaUrfwO8byBRCONeX50jkrXqIBgxK+inEZ0rogwQRqAt7aIDUBw7XzV root@ubuntu-xenial
-----END SSH HOST KEY KEYS-----
[   14.319241] cloud-init[1554]: Cloud-init v. 20.4.1-0ubuntu1~16.04.1 running 'modules:final' at Thu, 25 Mar 2021 15:18:08 +0000. Up 14.21 seconds.
[   14.320927] cloud-init[1554]: ci-info: no authorized SSH keys fingerprints found for user ubuntu.
[   14.328864] cloud-init[1554]: Cloud-init v. 20.4.1-0ubuntu1~16.04.1 finished at Thu, 25 Mar 2021 15:18:09 +0000. Datasource DataSourceNoCloud [seed=/dev/sdb][dsmode=net].  Up 14.31 seconds
[[0;32m  OK  [0m] Started Execute cloud user/final scripts.
[[0;32m  OK  [0m] Reached target Cloud-init target.

Ubuntu 16.04.7 LTS ubuntu-xenial ttyS0

ubuntu-xenial login: 